<?xml version="1.0" encoding="UTF-8"?>
<!-- Generated by org.testng.reporters.JUnitReportReporter -->
<testsuite skipped="0" hostname="DESKTOP-8NOJ2V6" name="by.mmf.sharubapv.test.BookingTests" tests="1" failures="0" timestamp="24 дек 2019 08:50:35 GMT" time="41.913" errors="0">
  <testcase name="oneCanBookRoomForTwoAdults" time="41.913" classname="by.mmf.sharubapv.test.BookingTests"/>
</testsuite> <!-- by.mmf.sharubapv.test.BookingTests -->
