<?xml version="1.0" encoding="UTF-8"?>
<!-- Generated by org.testng.reporters.JUnitReportReporter -->
<testsuite skipped="0" hostname="DESKTOP-8NOJ2V6" name="by.mmf.sharubapv.test.SingleTest" tests="1" failures="0" timestamp="19 дек 2019 11:03:52 GMT" time="7.721" errors="0">
  <testcase name="searchForRandomStringGivesError" time="7.721" classname="by.mmf.sharubapv.test.SingleTest"/>
</testsuite> <!-- by.mmf.sharubapv.test.SingleTest -->
