<?xml version="1.0" encoding="UTF-8"?>
<!-- Generated by org.testng.reporters.JUnitReportReporter -->
<testsuite skipped="0" hostname="DESKTOP-8NOJ2V6" name="by.mmf.sharubapv.test.SearchTests" tests="8" failures="0" timestamp="19 дек 2019 12:14:43 GMT" time="83.993" errors="0">
  <testcase name="mustBeAtLeastOneFlatFound" time="11.444" classname="by.mmf.sharubapv.test.SearchTests"/>
  <testcase name="mustBeAtLeastOneRoomForTomorrow" time="10.146" classname="by.mmf.sharubapv.test.SearchTests"/>
  <testcase name="mustBeAtLeastOneFiveStarRoomWithWifiFound" time="10.455" classname="by.mmf.sharubapv.test.SearchTests"/>
  <testcase name="whenMoneyChangedToUsdPricesMustBeAtUsd" time="12.586" classname="by.mmf.sharubapv.test.SearchTests"/>
  <testcase name="mustNotBeAnyRoomForLastWeek" time="6.197" classname="by.mmf.sharubapv.test.SearchTests"/>
  <testcase name="searchInSpecialOffersMustFindAtLeastOneSpecialOffer" time="15.628" classname="by.mmf.sharubapv.test.SearchTests"/>
  <testcase name="searchForExistingCityGivesResult" time="9.827" classname="by.mmf.sharubapv.test.SearchTests"/>
  <testcase name="searchForRandomStringGivesError" time="7.710" classname="by.mmf.sharubapv.test.SearchTests"/>
</testsuite> <!-- by.mmf.sharubapv.test.SearchTests -->
